Arguments: 
  C:\Program Files\nodejs\node.exe C:\Users\Emerson Moreira\AppData\Roaming\npm\node_modules\yarn\bin\yarn.js add -D tailwindcss@latest postcss@latest autoprefixer@latest

PATH: 
  D:\cmder\vendor\conemu-maximus5\ConEmu\Scripts;D:\cmder\vendor\conemu-maximus5;D:\cmder\vendor\conemu-maximus5\ConEmu;C:\Program Files\Java\zulu11.48.21-ca-jdk11.0.11-win_x64\bin;C:\Windows\system32;C:\Windows;C:\Windows\System32\Wbem;C:\Windows\System32\WindowsPowerShell\v1.0\;C:\Windows\System32\OpenSSH\;C:\Program Files\nodejs\;C:\Program Files\Git\cmd;C:\Users\Emerson Moreira\AppData\Local\Microsoft\WindowsApps;C:\Users\Emerson Moreira\AppData\Roaming\npm;C:\Users\Emerson Moreira\AppData\Local\Programs\Microsoft VS Code\bin;C:\Program Files\heroku\bin;C:\Program Files\Git\mingw64\bin;C:\Program Files\Git\usr\bin;D:\cmder\vendor\bin;D:\cmder

Yarn version: 
  1.22.10

Node version: 
  14.16.1

Platform: 
  win32 x64

Trace: 
  Error: EPERM: operation not permitted, unlink 'd:\Projetos-Git\workspace\vue-js\portfolio\node_modules\esbuild\esbuild.exe'

npm manifest: 
  {
    "name": "portfolio",
    "version": "0.0.0",
    "scripts": {
      "dev": "vite",
      "build": "vite build",
      "serve": "vite preview"
    },
    "dependencies": {
      "vue": "^3.0.5"
    },
    "devDependencies": {
      "@vitejs/plugin-vue": "^1.2.2",
      "@vue/compiler-sfc": "^3.0.5",
      "vite": "^2.3.3"
    }
  }

yarn manifest: 
  No manifest

Lockfile: 
  No lockfile
